<?xml version="1.0" encoding="UTF-8"?>
<testng-results ignored="0" total="1" passed="1" failed="0" skipped="0">
  <reporter-output>
  </reporter-output>
  <suite started-at="2023-02-18T11:03:54 WIB" name="Default suite" finished-at="2023-02-18T11:03:54 WIB" duration-ms="182">
    <groups>
    </groups>
    <test started-at="2023-02-18T11:03:54 WIB" name="Default test" finished-at="2023-02-18T11:03:54 WIB" duration-ms="182">
      <class name="SeleniumDatabaseTesting">
        <test-method is-config="true" signature="setUp()[pri:0, instance:SeleniumDatabaseTesting@5c90e579]" started-at="2023-02-18T11:03:54 WIB" name="setUp" finished-at="2023-02-18T11:03:54 WIB" duration-ms="30" status="PASS">
          <reporter-output>
          </reporter-output>
        </test-method> <!-- setUp -->
        <test-method signature="test()[pri:0, instance:SeleniumDatabaseTesting@5c90e579]" started-at="2023-02-18T11:03:54 WIB" name="test" finished-at="2023-02-18T11:03:54 WIB" duration-ms="23" status="PASS">
          <reporter-output>
          </reporter-output>
        </test-method> <!-- test -->
        <test-method is-config="true" signature="tearDown()[pri:0, instance:SeleniumDatabaseTesting@5c90e579]" started-at="2023-02-18T11:03:54 WIB" name="tearDown" finished-at="2023-02-18T11:03:54 WIB" duration-ms="1" status="PASS">
          <reporter-output>
          </reporter-output>
        </test-method> <!-- tearDown -->
      </class> <!-- SeleniumDatabaseTesting -->
    </test> <!-- Default test -->
  </suite> <!-- Default suite -->
</testng-results>
